# JRE version: Java(TM) SE Runtime Environment (8.0_291-b10) (build 1.8.0_291-b10)
# Java VM: Java HotSpot(TM) 64-Bit Server VM (25.291-b10 mixed mode windows-amd64 compressed oops)
Heap:
 PSYoungGen      total 88576K, used 32598K [0x00000000d6900000, 0x00000000dcf80000, 0x0000000100000000)
  eden space 77312K, 42% used [0x00000000d6900000,0x00000000d88d5948,0x00000000db480000)
  from space 11264K, 0% used [0x00000000dc100000,0x00000000dc100000,0x00000000dcc00000)
  to   space 12800K, 0% used [0x00000000db480000,0x00000000db480000,0x00000000dc100000)
 ParOldGen       total 100864K, used 26968K [0x0000000083a00000, 0x0000000089c80000, 0x00000000d6900000)
  object space 100864K, 26% used [0x0000000083a00000,0x0000000085456270,0x0000000089c80000)
 Metaspace       used 59793K, capacity 62944K, committed 62976K, reserved 1103872K
  class space    used 7583K, capacity 8173K, committed 8192K, reserved 1048576K
GC Heap History (10 events):
Event: 11.423 GC heap before
{Heap before GC invocations=13 (full 2):
 PSYoungGen      total 71168K, used 68047K [0x00000000d6900000, 0x00000000db900000, 0x0000000100000000)
  eden space 61440K, 100% used [0x00000000d6900000,0x00000000da500000,0x00000000da500000)
  from space 9728K, 67% used [0x00000000daf80000,0x00000000db5f3fa8,0x00000000db900000)
  to   space 10240K, 0% used [0x00000000da500000,0x00000000da500000,0x00000000daf00000)
 ParOldGen       total 100864K, used 16607K [0x0000000083a00000, 0x0000000089c80000, 0x00000000d6900000)
  object space 100864K, 16% used [0x0000000083a00000,0x0000000084a37c48,0x0000000089c80000)
 Metaspace       used 47036K, capacity 49338K, committed 49664K, reserved 1091584K
  class space    used 6107K, capacity 6584K, committed 6656K, reserved 1048576K
Event: 11.432 GC heap after
Heap after GC invocations=13 (full 2):
 PSYoungGen      total 71680K, used 9067K [0x00000000d6900000, 0x00000000dcc00000, 0x0000000100000000)
  eden space 61440K, 0% used [0x00000000d6900000,0x00000000d6900000,0x00000000da500000)
  from space 10240K, 88% used [0x00000000da500000,0x00000000daddad28,0x00000000daf00000)
  to   space 11264K, 0% used [0x00000000dc100000,0x00000000dc100000,0x00000000dcc00000)
 ParOldGen       total 100864K, used 16615K [0x0000000083a00000, 0x0000000089c80000, 0x00000000d6900000)
  object space 100864K, 16% used [0x0000000083a00000,0x0000000084a39c48,0x0000000089c80000)
 Metaspace       used 47036K, capacity 49338K, committed 49664K, reserved 1091584K
  class space    used 6107K, capacity 6584K, committed 6656K, reserved 1048576K
}
Event: 12.199 GC heap before
{Heap before GC invocations=14 (full 2):
 PSYoungGen      total 71680K, used 70507K [0x00000000d6900000, 0x00000000dcc00000, 0x0000000100000000)
  eden space 61440K, 100% used [0x00000000d6900000,0x00000000da500000,0x00000000da500000)
  from space 10240K, 88% used [0x00000000da500000,0x00000000daddad28,0x00000000daf00000)
  to   space 11264K, 0% used [0x00000000dc100000,0x00000000dc100000,0x00000000dcc00000)
 ParOldGen       total 100864K, used 16615K [0x0000000083a00000, 0x0000000089c80000, 0x00000000d6900000)
  object space 100864K, 16% used [0x0000000083a00000,0x0000000084a39c48,0x0000000089c80000)
 Metaspace       used 51480K, capacity 54288K, committed 54656K, reserved 1097728K
  class space    used 6636K, capacity 7171K, committed 7296K, reserved 1048576K
Event: 12.211 GC heap after
Heap after GC invocations=14 (full 2):
 PSYoungGen      total 88576K, used 11254K [0x00000000d6900000, 0x00000000dcf80000, 0x0000000100000000)
  eden space 77312K, 0% used [0x00000000d6900000,0x00000000d6900000,0x00000000db480000)
  from space 11264K, 99% used [0x00000000dc100000,0x00000000dcbfd820,0x00000000dcc00000)
  to   space 12800K, 0% used [0x00000000db480000,0x00000000db480000,0x00000000dc100000)
 ParOldGen       total 100864K, used 16888K [0x0000000083a00000, 0x0000000089c80000, 0x00000000d6900000)
  object space 100864K, 16% used [0x0000000083a00000,0x0000000084a7e0a8,0x0000000089c80000)
 Metaspace       used 51480K, capacity 54288K, committed 54656K, reserved 1097728K
  class space    used 6636K, capacity 7171K, committed 7296K, reserved 1048576K
}
Event: 12.776 GC heap before
{Heap before GC invocations=15 (full 2):
 PSYoungGen      total 88576K, used 88566K [0x00000000d6900000, 0x00000000dcf80000, 0x0000000100000000)
  eden space 77312K, 100% used [0x00000000d6900000,0x00000000db480000,0x00000000db480000)
  from space 11264K, 99% used [0x00000000dc100000,0x00000000dcbfd820,0x00000000dcc00000)
  to   space 12800K, 0% used [0x00000000db480000,0x00000000db480000,0x00000000dc100000)
 ParOldGen       total 100864K, used 16888K [0x0000000083a00000, 0x0000000089c80000, 0x00000000d6900000)
  object space 100864K, 16% used [0x0000000083a00000,0x0000000084a7e0a8,0x0000000089c80000)
 Metaspace       used 55006K, capacity 57972K, committed 58112K, reserved 1099776K
  class space    used 7037K, capacity 7615K, committed 7680K, reserved 1048576K
Event: 12.787 GC heap after
Heap after GC invocations=15 (full 2):
 PSYoungGen      total 90112K, used 12780K [0x00000000d6900000, 0x00000000dcf80000, 0x0000000100000000)
  eden space 77312K, 0% used [0x00000000d6900000,0x00000000d6900000,0x00000000db480000)
  from space 12800K, 99% used [0x00000000db480000,0x00000000dc0fb300,0x00000000dc100000)
  to   space 11264K, 0% used [0x00000000dc100000,0x00000000dc100000,0x00000000dcc00000)
 ParOldGen       total 100864K, used 17802K [0x0000000083a00000, 0x0000000089c80000, 0x00000000d6900000)
  object space 100864K, 17% used [0x0000000083a00000,0x0000000084b62918,0x0000000089c80000)
 Metaspace       used 55006K, capacity 57972K, committed 58112K, reserved 1099776K
  class space    used 7037K, capacity 7615K, committed 7680K, reserved 1048576K
}
Event: 13.489 GC heap before
{Heap before GC invocations=16 (full 2):
 PSYoungGen      total 90112K, used 32633K [0x00000000d6900000, 0x00000000dcf80000, 0x0000000100000000)
  eden space 77312K, 25% used [0x00000000d6900000,0x00000000d7c63268,0x00000000db480000)
  from space 12800K, 99% used [0x00000000db480000,0x00000000dc0fb300,0x00000000dc100000)
  to   space 11264K, 0% used [0x00000000dc100000,0x00000000dc100000,0x00000000dcc00000)
 ParOldGen       total 100864K, used 17802K [0x0000000083a00000, 0x0000000089c80000, 0x00000000d6900000)
  object space 100864K, 17% used [0x0000000083a00000,0x0000000084b62918,0x0000000089c80000)
 Metaspace       used 56121K, capacity 59078K, committed 59136K, reserved 1101824K
  class space    used 7136K, capacity 7670K, committed 7680K, reserved 1048576K
Event: 13.497 GC heap after
Heap after GC invocations=16 (full 2):
 PSYoungGen      total 88576K, used 11260K [0x00000000d6900000, 0x00000000dcf80000, 0x0000000100000000)
  eden space 77312K, 0% used [0x00000000d6900000,0x00000000d6900000,0x00000000db480000)
  from space 11264K, 99% used [0x00000000dc100000,0x00000000dcbff2a8,0x00000000dcc00000)
  to   space 12800K, 0% used [0x00000000db480000,0x00000000db480000,0x00000000dc100000)
 ParOldGen       total 100864K, used 18805K [0x0000000083a00000, 0x0000000089c80000, 0x00000000d6900000)
  object space 100864K, 18% used [0x0000000083a00000,0x0000000084c5d560,0x0000000089c80000)
 Metaspace       used 56121K, capacity 59078K, committed 59136K, reserved 1101824K
  class space    used 7136K, capacity 7670K, committed 7680K, reserved 1048576K
}
Event: 13.497 GC heap before
{Heap before GC invocations=17 (full 3):
 PSYoungGen      total 88576K, used 11260K [0x00000000d6900000, 0x00000000dcf80000, 0x0000000100000000)
  eden space 77312K, 0% used [0x00000000d6900000,0x00000000d6900000,0x00000000db480000)
  from space 11264K, 99% used [0x00000000dc100000,0x00000000dcbff2a8,0x00000000dcc00000)
  to   space 12800K, 0% used [0x00000000db480000,0x00000000db480000,0x00000000dc100000)
 ParOldGen       total 100864K, used 18805K [0x0000000083a00000, 0x0000000089c80000, 0x00000000d6900000)
  object space 100864K, 18% used [0x0000000083a00000,0x0000000084c5d560,0x0000000089c80000)
 Metaspace       used 56121K, capacity 59078K, committed 59136K, reserved 1101824K
  class space    used 7136K, capacity 7670K, committed 7680K, reserved 1048576K
Event: 13.657 GC heap after
Heap after GC invocations=17 (full 3):
 PSYoungGen      total 88576K, used 0K [0x00000000d6900000, 0x00000000dcf80000, 0x0000000100000000)
  eden space 77312K, 0% used [0x00000000d6900000,0x00000000d6900000,0x00000000db480000)
  from space 11264K, 0% used [0x00000000dc100000,0x00000000dc100000,0x00000000dcc00000)
  to   space 12800K, 0% used [0x00000000db480000,0x00000000db480000,0x00000000dc100000)
 ParOldGen       total 100864K, used 26968K [0x0000000083a00000, 0x0000000089c80000, 0x00000000d6900000)
  object space 100864K, 26% used [0x0000000083a00000,0x0000000085456270,0x0000000089c80000)
 Metaspace       used 56121K, capacity 59078K, committed 59136K, reserved 1101824K
  class space    used 7136K, capacity 7670K, committed 7680K, reserved 1048576K
}

